<?xml version="1.0" encoding="UTF-8"?>
<!-- Generated by org.testng.reporters.JUnitXMLReporter -->
<testsuite ignored="2" hostname="MWDH-Work2" failures="0" tests="3" name="Test2" time="768.401" errors="0" timestamp="2022-09-04T05:15:43 AST">
  <testcase classname="mainProject.MuviCinemas.Stories" name="TC_07" time="66.017"/>
  <testcase classname="mainProject.MuviCinemas.FiltersMovies" name="TC_09" time="57.934"/>
  <testcase classname="mainProject.MuviCinemas.Showtimes" name="TC_11" time="257.133"/>
  <testcase classname="mainProject.MuviCinemas.BaseConnection" name="@AfterSuite close" time="0.0">
    <ignored/>
  </testcase> <!-- @AfterSuite close -->
  <testcase classname="mainProject.MuviCinemas.BaseConnection" name="@AfterSuite close" time="0.0">
    <ignored/>
  </testcase> <!-- @AfterSuite close -->
</testsuite> <!-- Test2 -->
