<?xml version="1.0" encoding="UTF-8"?>
<!-- Generated by org.testng.reporters.JUnitXMLReporter -->
<testsuite ignored="12" hostname="MWDH-Work2" failures="1" tests="8" name="Test" time="758.09" errors="0" timestamp="2022-09-02T00:27:02 AST">
  <testcase classname="mainProject.MuviCinemas.Stories" name="TC_s02" time="56.345"/>
  <testcase classname="mainProject.MuviCinemas.FiltersMovies" name="TC_f02" time="52.069"/>
  <testcase classname="mainProject.MuviCinemas.Showtimes" name="TC_sh02" time="229.05"/>
  <testcase classname="mainProject.MuviCinemas.FoodMenu" name="TC_fo02" time="134.677"/>
  <testcase classname="mainProject.MuviCinemas.CreateAnAccountFunction" name="TC_01" time="47.152">
    <failure type="java.lang.AssertionError" message="expected [Sign In] but found [Login]">
      <![CDATA[java.lang.AssertionError: expected [Sign In] but found [Login]
at mainProject.MuviCinemas.CreateAnAccountFunction.TC_01(CreateAnAccountFunction.java:43)
at java.base/java.util.ArrayList.forEach(ArrayList.java:1511)
... Removed 33 stack frames]]>
    </failure>
  </testcase> <!-- TC_01 -->
  <testcase classname="mainProject.MuviCinemas.CreateAnAccountFunction" name="TC_02" time="82.114"/>
  <testcase classname="mainProject.MuviCinemas.CreateAnAccountFunction" name="TC_03" time="27.997"/>
  <testcase classname="mainProject.MuviCinemas.CreateAnAccountFunction" name="TC_04" time="19.165"/>
  <testcase classname="mainProject.MuviCinemas.BaseConnection" name="@AfterSuite close" time="0.0">
    <ignored/>
  </testcase> <!-- @AfterSuite close -->
  <testcase classname="mainProject.MuviCinemas.BaseConnection" name="@BeforeSuite setUp" time="0.0">
    <ignored/>
  </testcase> <!-- @BeforeSuite setUp -->
  <testcase classname="mainProject.MuviCinemas.BaseConnection" name="@BeforeTest openApplication" time="0.0">
    <ignored/>
  </testcase> <!-- @BeforeTest openApplication -->
  <testcase classname="mainProject.MuviCinemas.BaseConnection" name="@BeforeSuite setUp" time="0.0">
    <ignored/>
  </testcase> <!-- @BeforeSuite setUp -->
  <testcase classname="mainProject.MuviCinemas.BaseConnection" name="@AfterSuite close" time="0.0">
    <ignored/>
  </testcase> <!-- @AfterSuite close -->
  <testcase classname="mainProject.MuviCinemas.BaseConnection" name="@BeforeTest openApplication" time="0.0">
    <ignored/>
  </testcase> <!-- @BeforeTest openApplication -->
  <testcase classname="mainProject.MuviCinemas.BaseConnection" name="@BeforeSuite setUp" time="0.0">
    <ignored/>
  </testcase> <!-- @BeforeSuite setUp -->
  <testcase classname="mainProject.MuviCinemas.BaseConnection" name="@BeforeTest openApplication" time="0.0">
    <ignored/>
  </testcase> <!-- @BeforeTest openApplication -->
  <testcase classname="mainProject.MuviCinemas.BaseConnection" name="@AfterSuite close" time="0.0">
    <ignored/>
  </testcase> <!-- @AfterSuite close -->
  <testcase classname="mainProject.MuviCinemas.BaseConnection" name="@AfterSuite close" time="0.0">
    <ignored/>
  </testcase> <!-- @AfterSuite close -->
  <testcase classname="mainProject.MuviCinemas.BaseConnection" name="@BeforeSuite setUp" time="0.0">
    <ignored/>
  </testcase> <!-- @BeforeSuite setUp -->
  <testcase classname="mainProject.MuviCinemas.BaseConnection" name="@BeforeTest openApplication" time="0.0">
    <ignored/>
  </testcase> <!-- @BeforeTest openApplication -->
</testsuite> <!-- Test -->
