<?xml version="1.0" encoding="UTF-8"?>
<testng-results ignored="0" total="1" passed="1" failed="0" skipped="0">
  <reporter-output>
  </reporter-output>
  <suite started-at="2022-09-05T03:05:20 AST" name="Suite emulator" finished-at="2022-09-05T03:10:26 AST" duration-ms="305915">
    <groups>
      <group name="Food Menu">
        <method signature="FoodMenu.TC_13()[pri:0, instance:mainProject.MuviCinemas.FoodMenu@6e2aa843]" name="TC_13" class="mainProject.MuviCinemas.FoodMenu"/>
      </group> <!-- Food Menu -->
    </groups>
    <test started-at="2022-09-05T03:05:20 AST" name="Test1" finished-at="2022-09-05T03:10:26 AST" duration-ms="305915">
      <class name="mainProject.MuviCinemas.FoodMenu">
        <test-method is-config="true" signature="setUp(java.lang.String,java.lang.String,java.lang.String,java.lang.reflect.Method)[pri:0, instance:mainProject.MuviCinemas.FoodMenu@6e2aa843]" started-at="2022-09-05T03:05:20 AST" name="setUp" finished-at="2022-09-05T03:07:00 AST" duration-ms="99951" status="PASS">
          <params>
            <param index="0">
              <value>
                <![CDATA[RFCT30AJMXT]]>
              </value>
            </param>
            <param index="1">
              <value>
                <![CDATA[12]]>
              </value>
            </param>
            <param index="2">
              <value>
                <![CDATA[4000]]>
              </value>
            </param>
            <param index="3">
              <value>
                <![CDATA[public void mainProject.MuviCinemas.FoodMenu.TC_13() throws java.lang.InterruptedException,java.net.MalformedURLException]]>
              </value>
            </param>
          </params>
          <reporter-output>
          </reporter-output>
        </test-method> <!-- setUp -->
        <test-method signature="TC_13()[pri:0, instance:mainProject.MuviCinemas.FoodMenu@6e2aa843]" started-at="2022-09-05T03:07:00 AST" name="TC_13" description=" Verify if the guest/user can download and open the food menu as a PDF file" finished-at="2022-09-05T03:10:21 AST" duration-ms="200829" status="PASS">
          <reporter-output>
          </reporter-output>
        </test-method> <!-- TC_13 -->
        <test-method is-config="true" signature="close()[pri:0, instance:mainProject.MuviCinemas.FoodMenu@6e2aa843]" started-at="2022-09-05T03:10:31 AST" name="close" finished-at="2022-09-05T03:10:32 AST" duration-ms="1015" status="PASS">
          <reporter-output>
          </reporter-output>
        </test-method> <!-- close -->
      </class> <!-- mainProject.MuviCinemas.FoodMenu -->
    </test> <!-- Test1 -->
  </suite> <!-- Suite emulator -->
</testng-results>
