<?xml version="1.0" encoding="UTF-8"?>
<!-- Generated by org.testng.reporters.JUnitXMLReporter -->
<testsuite ignored="3" hostname="MWDH-Work2" failures="0" tests="2" name="Test2" time="281.288" errors="0" timestamp="2022-09-05T01:27:17 AST">
  <testcase classname="mainProject.MuviCinemas.CreateAnAccountFunction" name="TC_03" time="31.951"/>
  <testcase classname="mainProject.MuviCinemas.CreateAnAccountFunction" name="TC_03" time="32.735"/>
  <testcase classname="mainProject.MuviCinemas.CreateAnAccountFunction" name="TC_02" time="0.0">
    <ignored/>
  </testcase> <!-- TC_02 -->
  <testcase classname="mainProject.MuviCinemas.CreateAnAccountFunction" name="TC_05" time="0.0">
    <ignored/>
  </testcase> <!-- TC_05 -->
  <testcase classname="mainProject.MuviCinemas.CreateAnAccountFunction" name="TC_04" time="0.0">
    <ignored/>
  </testcase> <!-- TC_04 -->
</testsuite> <!-- Test2 -->
